<?xml version="1.0" encoding="UTF-8"?>
<!-- Generated by org.testng.reporters.JUnitReportReporter -->
<testsuite skipped="0" hostname="mbp-007415" name="com.box.boxandroid.Login" tests="1" failures="0" timestamp="03 Jan 2018 22:04:08 GMT" time="32.359" errors="0">
  <testcase name="logintest" time="32.359" classname="com.box.boxandroid.Login"/>
</testsuite> <!-- com.box.boxandroid.Login -->
